d:\_users\kbc15_000\desktop\programing\physicsdemo\bulletphysics\src\bulletdynamics\bulletdynamics.dir\release\btsimpledynamicsworld.obj
d:\_users\kbc15_000\desktop\programing\physicsdemo\bulletphysics\src\bulletdynamics\bulletdynamics.dir\release\btrigidbody.obj
d:\_users\kbc15_000\desktop\programing\physicsdemo\bulletphysics\src\bulletdynamics\bulletdynamics.dir\release\btdiscretedynamicsworld.obj
d:\_users\kbc15_000\desktop\programing\physicsdemo\bulletphysics\src\bulletdynamics\bulletdynamics.dir\release\btuniversalconstraint.obj
d:\_users\kbc15_000\desktop\programing\physicsdemo\bulletphysics\src\bulletdynamics\bulletdynamics.dir\release\bttypedconstraint.obj
d:\_users\kbc15_000\desktop\programing\physicsdemo\bulletphysics\src\bulletdynamics\bulletdynamics.dir\release\btsolve2linearconstraint.obj
d:\_users\kbc15_000\desktop\programing\physicsdemo\bulletphysics\src\bulletdynamics\bulletdynamics.dir\release\btsliderconstraint.obj
d:\_users\kbc15_000\desktop\programing\physicsdemo\bulletphysics\src\bulletdynamics\bulletdynamics.dir\release\btsequentialimpulseconstraintsolver.obj
d:\_users\kbc15_000\desktop\programing\physicsdemo\bulletphysics\src\bulletdynamics\bulletdynamics.dir\release\btpoint2pointconstraint.obj
d:\_users\kbc15_000\desktop\programing\physicsdemo\bulletphysics\src\bulletdynamics\bulletdynamics.dir\release\btnncgconstraintsolver.obj
d:\_users\kbc15_000\desktop\programing\physicsdemo\bulletphysics\src\bulletdynamics\bulletdynamics.dir\release\bthingeconstraint.obj
d:\_users\kbc15_000\desktop\programing\physicsdemo\bulletphysics\src\bulletdynamics\bulletdynamics.dir\release\bthinge2constraint.obj
d:\_users\kbc15_000\desktop\programing\physicsdemo\bulletphysics\src\bulletdynamics\bulletdynamics.dir\release\btgeneric6dofspringconstraint.obj
d:\_users\kbc15_000\desktop\programing\physicsdemo\bulletphysics\src\bulletdynamics\bulletdynamics.dir\release\btgeneric6dofspring2constraint.obj
d:\_users\kbc15_000\desktop\programing\physicsdemo\bulletphysics\src\bulletdynamics\bulletdynamics.dir\release\btgeneric6dofconstraint.obj
d:\_users\kbc15_000\desktop\programing\physicsdemo\bulletphysics\src\bulletdynamics\bulletdynamics.dir\release\btgearconstraint.obj
d:\_users\kbc15_000\desktop\programing\physicsdemo\bulletphysics\src\bulletdynamics\bulletdynamics.dir\release\btfixedconstraint.obj
d:\_users\kbc15_000\desktop\programing\physicsdemo\bulletphysics\src\bulletdynamics\bulletdynamics.dir\release\btcontactconstraint.obj
d:\_users\kbc15_000\desktop\programing\physicsdemo\bulletphysics\src\bulletdynamics\bulletdynamics.dir\release\btconetwistconstraint.obj
d:\_users\kbc15_000\desktop\programing\physicsdemo\bulletphysics\src\bulletdynamics\bulletdynamics.dir\release\btkinematiccharactercontroller.obj
d:\_users\kbc15_000\desktop\programing\physicsdemo\bulletphysics\src\bulletdynamics\bulletdynamics.dir\release\btwheelinfo.obj
d:\_users\kbc15_000\desktop\programing\physicsdemo\bulletphysics\src\bulletdynamics\bulletdynamics.dir\release\btraycastvehicle.obj
d:\_users\kbc15_000\desktop\programing\physicsdemo\bulletphysics\src\bulletdynamics\bulletdynamics.dir\release\btmlcpsolver.obj
d:\_users\kbc15_000\desktop\programing\physicsdemo\bulletphysics\src\bulletdynamics\bulletdynamics.dir\release\btlemkealgorithm.obj
d:\_users\kbc15_000\desktop\programing\physicsdemo\bulletphysics\src\bulletdynamics\bulletdynamics.dir\release\btdantziglcp.obj
d:\_users\kbc15_000\desktop\programing\physicsdemo\bulletphysics\src\bulletdynamics\bulletdynamics.dir\release\btmultibodypoint2point.obj
d:\_users\kbc15_000\desktop\programing\physicsdemo\bulletphysics\src\bulletdynamics\bulletdynamics.dir\release\btmultibodyjointmotor.obj
d:\_users\kbc15_000\desktop\programing\physicsdemo\bulletphysics\src\bulletdynamics\bulletdynamics.dir\release\btmultibodyjointlimitconstraint.obj
d:\_users\kbc15_000\desktop\programing\physicsdemo\bulletphysics\src\bulletdynamics\bulletdynamics.dir\release\btmultibodydynamicsworld.obj
d:\_users\kbc15_000\desktop\programing\physicsdemo\bulletphysics\src\bulletdynamics\bulletdynamics.dir\release\btmultibodyconstraintsolver.obj
d:\_users\kbc15_000\desktop\programing\physicsdemo\bulletphysics\src\bulletdynamics\bulletdynamics.dir\release\btmultibodyconstraint.obj
d:\_users\kbc15_000\desktop\programing\physicsdemo\bulletphysics\src\bulletdynamics\bulletdynamics.dir\release\btmultibody.obj
d:\_users\kbc15_000\desktop\gamechocoball\bulletphysics\src\bulletdynamics\bulletdynamics.dir\release\btsimpledynamicsworld.obj
d:\_users\kbc15_000\desktop\gamechocoball\bulletphysics\src\bulletdynamics\bulletdynamics.dir\release\btrigidbody.obj
d:\_users\kbc15_000\desktop\gamechocoball\bulletphysics\src\bulletdynamics\bulletdynamics.dir\release\btdiscretedynamicsworld.obj
d:\_users\kbc15_000\desktop\gamechocoball\bulletphysics\src\bulletdynamics\bulletdynamics.dir\release\btuniversalconstraint.obj
d:\_users\kbc15_000\desktop\gamechocoball\bulletphysics\src\bulletdynamics\bulletdynamics.dir\release\bttypedconstraint.obj
d:\_users\kbc15_000\desktop\gamechocoball\bulletphysics\src\bulletdynamics\bulletdynamics.dir\release\btsolve2linearconstraint.obj
d:\_users\kbc15_000\desktop\gamechocoball\bulletphysics\src\bulletdynamics\bulletdynamics.dir\release\btsliderconstraint.obj
d:\_users\kbc15_000\desktop\gamechocoball\bulletphysics\src\bulletdynamics\bulletdynamics.dir\release\btsequentialimpulseconstraintsolver.obj
d:\_users\kbc15_000\desktop\gamechocoball\bulletphysics\src\bulletdynamics\bulletdynamics.dir\release\btpoint2pointconstraint.obj
d:\_users\kbc15_000\desktop\gamechocoball\bulletphysics\src\bulletdynamics\bulletdynamics.dir\release\btnncgconstraintsolver.obj
d:\_users\kbc15_000\desktop\gamechocoball\bulletphysics\src\bulletdynamics\bulletdynamics.dir\release\bthingeconstraint.obj
d:\_users\kbc15_000\desktop\gamechocoball\bulletphysics\src\bulletdynamics\bulletdynamics.dir\release\bthinge2constraint.obj
d:\_users\kbc15_000\desktop\gamechocoball\bulletphysics\src\bulletdynamics\bulletdynamics.dir\release\btgeneric6dofspringconstraint.obj
d:\_users\kbc15_000\desktop\gamechocoball\bulletphysics\src\bulletdynamics\bulletdynamics.dir\release\btgeneric6dofspring2constraint.obj
d:\_users\kbc15_000\desktop\gamechocoball\bulletphysics\src\bulletdynamics\bulletdynamics.dir\release\btgeneric6dofconstraint.obj
d:\_users\kbc15_000\desktop\gamechocoball\bulletphysics\src\bulletdynamics\bulletdynamics.dir\release\btgearconstraint.obj
d:\_users\kbc15_000\desktop\gamechocoball\bulletphysics\src\bulletdynamics\bulletdynamics.dir\release\btfixedconstraint.obj
d:\_users\kbc15_000\desktop\gamechocoball\bulletphysics\src\bulletdynamics\bulletdynamics.dir\release\btcontactconstraint.obj
d:\_users\kbc15_000\desktop\gamechocoball\bulletphysics\src\bulletdynamics\bulletdynamics.dir\release\btconetwistconstraint.obj
d:\_users\kbc15_000\desktop\gamechocoball\bulletphysics\src\bulletdynamics\bulletdynamics.dir\release\btkinematiccharactercontroller.obj
d:\_users\kbc15_000\desktop\gamechocoball\bulletphysics\src\bulletdynamics\bulletdynamics.dir\release\btwheelinfo.obj
d:\_users\kbc15_000\desktop\gamechocoball\bulletphysics\src\bulletdynamics\bulletdynamics.dir\release\btraycastvehicle.obj
d:\_users\kbc15_000\desktop\gamechocoball\bulletphysics\src\bulletdynamics\bulletdynamics.dir\release\btmlcpsolver.obj
d:\_users\kbc15_000\desktop\gamechocoball\bulletphysics\src\bulletdynamics\bulletdynamics.dir\release\btlemkealgorithm.obj
d:\_users\kbc15_000\desktop\gamechocoball\bulletphysics\src\bulletdynamics\bulletdynamics.dir\release\btdantziglcp.obj
d:\_users\kbc15_000\desktop\gamechocoball\bulletphysics\src\bulletdynamics\bulletdynamics.dir\release\btmultibodypoint2point.obj
d:\_users\kbc15_000\desktop\gamechocoball\bulletphysics\src\bulletdynamics\bulletdynamics.dir\release\btmultibodyjointmotor.obj
d:\_users\kbc15_000\desktop\gamechocoball\bulletphysics\src\bulletdynamics\bulletdynamics.dir\release\btmultibodyjointlimitconstraint.obj
d:\_users\kbc15_000\desktop\gamechocoball\bulletphysics\src\bulletdynamics\bulletdynamics.dir\release\btmultibodydynamicsworld.obj
d:\_users\kbc15_000\desktop\gamechocoball\bulletphysics\src\bulletdynamics\bulletdynamics.dir\release\btmultibodyconstraintsolver.obj
d:\_users\kbc15_000\desktop\gamechocoball\bulletphysics\src\bulletdynamics\bulletdynamics.dir\release\btmultibodyconstraint.obj
d:\_users\kbc15_000\desktop\gamechocoball\bulletphysics\src\bulletdynamics\bulletdynamics.dir\release\btmultibody.obj
d:\_users\kbc15_000\desktop\programing\physicsdemo\bulletphysics\lib\release\bulletdynamics.lib
d:\_users\kbc15_000\desktop\gamechocoball\bulletphysics\lib\release\bulletdynamics.lib
d:\_users\kbc15_000\desktop\gamechocoball\\bulletphysics\lib\release\bulletdynamics.lib
d:\_users\kbc15_000\desktop\gamechocoball\bulletphysics\src\bulletdynamics\bulletdynamics.dir\release\bulletdynamics.tlog\cl.command.1.tlog
d:\_users\kbc15_000\desktop\gamechocoball\bulletphysics\src\bulletdynamics\bulletdynamics.dir\release\bulletdynamics.tlog\cl.read.1.tlog
d:\_users\kbc15_000\desktop\gamechocoball\bulletphysics\src\bulletdynamics\bulletdynamics.dir\release\bulletdynamics.tlog\cl.write.1.tlog
d:\_users\kbc15_000\desktop\gamechocoball\bulletphysics\src\bulletdynamics\bulletdynamics.dir\release\bulletdynamics.tlog\lib-link.read.1.tlog
d:\_users\kbc15_000\desktop\gamechocoball\bulletphysics\src\bulletdynamics\bulletdynamics.dir\release\bulletdynamics.tlog\lib-link.write.1.tlog
d:\_users\kbc15_000\desktop\gamechocoball\bulletphysics\src\bulletdynamics\bulletdynamics.dir\release\bulletdynamics.tlog\lib.command.1.tlog
