d:\_users\kbc15_000\desktop\programing\physicsdemo\bulletphysics\src\bulletsoftbody\bulletsoftbody.dir\release\btsoftsoftcollisionalgorithm.obj
d:\_users\kbc15_000\desktop\programing\physicsdemo\bulletphysics\src\bulletsoftbody\bulletsoftbody.dir\release\btsoftrigiddynamicsworld.obj
d:\_users\kbc15_000\desktop\programing\physicsdemo\bulletphysics\src\bulletsoftbody\bulletsoftbody.dir\release\btsoftrigidcollisionalgorithm.obj
d:\_users\kbc15_000\desktop\programing\physicsdemo\bulletphysics\src\bulletsoftbody\bulletsoftbody.dir\release\btsoftbodyrigidbodycollisionconfiguration.obj
d:\_users\kbc15_000\desktop\programing\physicsdemo\bulletphysics\src\bulletsoftbody\bulletsoftbody.dir\release\btsoftbodyhelpers.obj
d:\_users\kbc15_000\desktop\programing\physicsdemo\bulletphysics\src\bulletsoftbody\bulletsoftbody.dir\release\btsoftbodyconcavecollisionalgorithm.obj
d:\_users\kbc15_000\desktop\programing\physicsdemo\bulletphysics\src\bulletsoftbody\bulletsoftbody.dir\release\btsoftbody.obj
d:\_users\kbc15_000\desktop\programing\physicsdemo\bulletphysics\src\bulletsoftbody\bulletsoftbody.dir\release\btdefaultsoftbodysolver.obj
d:\_users\kbc15_000\desktop\gamechocoball\bulletphysics\src\bulletsoftbody\bulletsoftbody.dir\release\btsoftsoftcollisionalgorithm.obj
d:\_users\kbc15_000\desktop\gamechocoball\bulletphysics\src\bulletsoftbody\bulletsoftbody.dir\release\btsoftrigiddynamicsworld.obj
d:\_users\kbc15_000\desktop\gamechocoball\bulletphysics\src\bulletsoftbody\bulletsoftbody.dir\release\btsoftrigidcollisionalgorithm.obj
d:\_users\kbc15_000\desktop\gamechocoball\bulletphysics\src\bulletsoftbody\bulletsoftbody.dir\release\btsoftbodyrigidbodycollisionconfiguration.obj
d:\_users\kbc15_000\desktop\gamechocoball\bulletphysics\src\bulletsoftbody\bulletsoftbody.dir\release\btsoftbodyhelpers.obj
d:\_users\kbc15_000\desktop\gamechocoball\bulletphysics\src\bulletsoftbody\bulletsoftbody.dir\release\btsoftbodyconcavecollisionalgorithm.obj
d:\_users\kbc15_000\desktop\gamechocoball\bulletphysics\src\bulletsoftbody\bulletsoftbody.dir\release\btsoftbody.obj
d:\_users\kbc15_000\desktop\gamechocoball\bulletphysics\src\bulletsoftbody\bulletsoftbody.dir\release\btdefaultsoftbodysolver.obj
d:\_users\kbc15_000\desktop\programing\physicsdemo\bulletphysics\lib\release\bulletsoftbody.lib
d:\_users\kbc15_000\desktop\gamechocoball\bulletphysics\lib\release\bulletsoftbody.lib
d:\_users\kbc15_000\desktop\gamechocoball\\bulletphysics\lib\release\bulletsoftbody.lib
d:\_users\kbc15_000\desktop\gamechocoball\bulletphysics\src\bulletsoftbody\bulletsoftbody.dir\release\bulletsoftbody.tlog\cl.command.1.tlog
d:\_users\kbc15_000\desktop\gamechocoball\bulletphysics\src\bulletsoftbody\bulletsoftbody.dir\release\bulletsoftbody.tlog\cl.read.1.tlog
d:\_users\kbc15_000\desktop\gamechocoball\bulletphysics\src\bulletsoftbody\bulletsoftbody.dir\release\bulletsoftbody.tlog\cl.write.1.tlog
d:\_users\kbc15_000\desktop\gamechocoball\bulletphysics\src\bulletsoftbody\bulletsoftbody.dir\release\bulletsoftbody.tlog\lib-link.read.1.tlog
d:\_users\kbc15_000\desktop\gamechocoball\bulletphysics\src\bulletsoftbody\bulletsoftbody.dir\release\bulletsoftbody.tlog\lib-link.write.1.tlog
d:\_users\kbc15_000\desktop\gamechocoball\bulletphysics\src\bulletsoftbody\bulletsoftbody.dir\release\bulletsoftbody.tlog\lib.command.1.tlog
