d:\_users\kbc15_000\desktop\programing\physicsdemo\bulletphysics\src\linearmath\linearmath.dir\release\btvector3.obj
d:\_users\kbc15_000\desktop\programing\physicsdemo\bulletphysics\src\linearmath\linearmath.dir\release\btserializer.obj
d:\_users\kbc15_000\desktop\programing\physicsdemo\bulletphysics\src\linearmath\linearmath.dir\release\btquickprof.obj
d:\_users\kbc15_000\desktop\programing\physicsdemo\bulletphysics\src\linearmath\linearmath.dir\release\btpolardecomposition.obj
d:\_users\kbc15_000\desktop\programing\physicsdemo\bulletphysics\src\linearmath\linearmath.dir\release\btgeometryutil.obj
d:\_users\kbc15_000\desktop\programing\physicsdemo\bulletphysics\src\linearmath\linearmath.dir\release\btconvexhullcomputer.obj
d:\_users\kbc15_000\desktop\programing\physicsdemo\bulletphysics\src\linearmath\linearmath.dir\release\btconvexhull.obj
d:\_users\kbc15_000\desktop\programing\physicsdemo\bulletphysics\src\linearmath\linearmath.dir\release\btalignedallocator.obj
d:\_users\kbc15_000\desktop\gamechocoball\bulletphysics\src\linearmath\linearmath.dir\release\btvector3.obj
d:\_users\kbc15_000\desktop\gamechocoball\bulletphysics\src\linearmath\linearmath.dir\release\btserializer.obj
d:\_users\kbc15_000\desktop\gamechocoball\bulletphysics\src\linearmath\linearmath.dir\release\btquickprof.obj
d:\_users\kbc15_000\desktop\gamechocoball\bulletphysics\src\linearmath\linearmath.dir\release\btpolardecomposition.obj
d:\_users\kbc15_000\desktop\gamechocoball\bulletphysics\src\linearmath\linearmath.dir\release\btgeometryutil.obj
d:\_users\kbc15_000\desktop\gamechocoball\bulletphysics\src\linearmath\linearmath.dir\release\btconvexhullcomputer.obj
d:\_users\kbc15_000\desktop\gamechocoball\bulletphysics\src\linearmath\linearmath.dir\release\btconvexhull.obj
d:\_users\kbc15_000\desktop\gamechocoball\bulletphysics\src\linearmath\linearmath.dir\release\btalignedallocator.obj
d:\_users\kbc15_000\desktop\programing\physicsdemo\bulletphysics\lib\release\linearmath.lib
d:\_users\kbc15_000\desktop\gamechocoball\bulletphysics\lib\release\linearmath.lib
d:\_users\kbc15_000\desktop\gamechocoball\\bulletphysics\lib\release\linearmath.lib
d:\_users\kbc15_000\desktop\gamechocoball\bulletphysics\src\linearmath\linearmath.dir\release\linearmath.tlog\cl.command.1.tlog
d:\_users\kbc15_000\desktop\gamechocoball\bulletphysics\src\linearmath\linearmath.dir\release\linearmath.tlog\cl.read.1.tlog
d:\_users\kbc15_000\desktop\gamechocoball\bulletphysics\src\linearmath\linearmath.dir\release\linearmath.tlog\cl.write.1.tlog
d:\_users\kbc15_000\desktop\gamechocoball\bulletphysics\src\linearmath\linearmath.dir\release\linearmath.tlog\lib-link.read.1.tlog
d:\_users\kbc15_000\desktop\gamechocoball\bulletphysics\src\linearmath\linearmath.dir\release\linearmath.tlog\lib-link.write.1.tlog
d:\_users\kbc15_000\desktop\gamechocoball\bulletphysics\src\linearmath\linearmath.dir\release\linearmath.tlog\lib.command.1.tlog
