d:\_users\kbc15_000\desktop\gamechocoball\chocoball\release\chocoball.pch
d:\_users\kbc15_000\desktop\gamechocoball\chocoball\release\vc120.pdb
d:\_users\kbc15_000\desktop\gamechocoball\chocoball\release\stdafx.obj
d:\_users\kbc15_000\desktop\gamechocoball\chocoball\release\objectmanager.obj
d:\_users\kbc15_000\desktop\gamechocoball\chocoball\release\light.obj
d:\_users\kbc15_000\desktop\gamechocoball\chocoball\release\keyboard.obj
d:\_users\kbc15_000\desktop\gamechocoball\chocoball\release\inputmanager.obj
d:\_users\kbc15_000\desktop\gamechocoball\chocoball\release\imagemanager.obj
d:\_users\kbc15_000\desktop\gamechocoball\chocoball\release\graphicsdevice.obj
d:\_users\kbc15_000\desktop\gamechocoball\chocoball\release\gameobject.obj
d:\_users\kbc15_000\desktop\gamechocoball\chocoball\release\gamecamera.obj
d:\_users\kbc15_000\desktop\gamechocoball\chocoball\release\field.obj
d:\_users\kbc15_000\desktop\gamechocoball\chocoball\release\effect.obj
d:\_users\kbc15_000\desktop\gamechocoball\chocoball\release\directx.obj
d:\_users\kbc15_000\desktop\gamechocoball\chocoball\release\directinput.obj
d:\_users\kbc15_000\desktop\gamechocoball\chocoball\release\camera.obj
d:\_users\kbc15_000\desktop\gamechocoball\chocoball\release\c2dimage.obj
d:\_users\kbc15_000\desktop\gamechocoball\chocoball\release\testobject2d.obj
d:\_users\kbc15_000\desktop\gamechocoball\chocoball\release\shadowrender.obj
d:\_users\kbc15_000\desktop\gamechocoball\chocoball\release\scene.obj
d:\_users\kbc15_000\desktop\gamechocoball\chocoball\release\audio.obj
d:\_users\kbc15_000\desktop\gamechocoball\chocoball\release\mainscene.obj
d:\_users\kbc15_000\desktop\gamechocoball\chocoball\release\rendercontext.obj
d:\_users\kbc15_000\desktop\gamechocoball\chocoball\release\player.obj
d:\_users\kbc15_000\desktop\gamechocoball\chocoball\release\gamemanager.obj
d:\_users\kbc15_000\desktop\gamechocoball\chocoball\release\c3dimage.obj
d:\_users\kbc15_000\desktop\gamechocoball\chocoball\release\directx.res
d:\_users\kbc15_000\desktop\gamechocoball\chocoball\release\chocoball.tlog\cl.command.1.tlog
d:\_users\kbc15_000\desktop\gamechocoball\chocoball\release\chocoball.tlog\cl.read.1.tlog
d:\_users\kbc15_000\desktop\gamechocoball\chocoball\release\chocoball.tlog\cl.write.1.tlog
d:\_users\kbc15_000\desktop\gamechocoball\chocoball\release\chocoball.tlog\link.command.1.tlog
d:\_users\kbc15_000\desktop\gamechocoball\chocoball\release\chocoball.tlog\link.read.1.tlog
d:\_users\kbc15_000\desktop\gamechocoball\chocoball\release\chocoball.tlog\link.write.1.tlog
d:\_users\kbc15_000\desktop\gamechocoball\chocoball\release\chocoball.tlog\rc.command.1.tlog
d:\_users\kbc15_000\desktop\gamechocoball\chocoball\release\chocoball.tlog\rc.read.1.tlog
d:\_users\kbc15_000\desktop\gamechocoball\chocoball\release\chocoball.tlog\rc.write.1.tlog
