2016/05/02 18:05:01 にビルドを開始しました。
     1>ノード 2 上のプロジェクト "D:\_Users\kbc15_000\Desktop\GameChocoBall\bulletPhysics\src\BulletCollision\BulletCollision.vcxproj" (Rebuild ターゲット)。
     1>ClCompile:
         C:\Program Files (x86)\Microsoft Visual Studio 12.0\VC\bin\CL.exe /c /ID:\_Users\kbc15_000\Desktop\GameChocoBall\\BulletPhysics\src /Zi /nologo /W3 /WX- /Od /Ob0 /Oy- /D WIN32 /D _DEBUG /D _DEBUG /D USE_GRAPHICAL_BENCHMARK /D _CRT_SECURE_NO_WARNINGS /D _CRT_SECURE_NO_DEPRECATE /D _SCL_SECURE_NO_WARNINGS /D "CMAKE_INTDIR=\"Debug\"" /D _MBCS /Gm- /EHsc /RTC1 /MTd /GS /arch:SSE /fp:fast /Zc:wchar_t /Zc:forScope /GR /Fo"BulletCollision.dir\Debug\\" /Fd"BulletCollision.dir\Debug\vc120.pdb" /Gd /TP /analyze- /errorReport:prompt BroadphaseCollision\btAxisSweep3.cpp BroadphaseCollision\btBroadphaseProxy.cpp BroadphaseCollision\btCollisionAlgorithm.cpp BroadphaseCollision\btDbvt.cpp BroadphaseCollision\btDbvtBroadphase.cpp BroadphaseCollision\btDispatcher.cpp BroadphaseCollision\btMultiSapBroadphase.cpp BroadphaseCollision\btOverlappingPairCache.cpp BroadphaseCollision\btQuantizedBvh.cpp BroadphaseCollision\btSimpleBroadphase.cpp CollisionDispatch\btActivatingCollisionAlgorithm.cpp CollisionDispatch\btBox2dBox2dCollisionAlgorithm.cpp CollisionDispatch\btBoxBoxCollisionAlgorithm.cpp CollisionDispatch\btBoxBoxDetector.cpp CollisionDispatch\btCollisionDispatcher.cpp CollisionDispatch\btCollisionObject.cpp CollisionDispatch\btCollisionWorld.cpp CollisionDispatch\btCollisionWorldImporter.cpp CollisionDispatch\btCompoundCollisionAlgorithm.cpp CollisionDispatch\btCompoundCompoundCollisionAlgorithm.cpp CollisionDispatch\btConvex2dConvex2dAlgorithm.cpp CollisionDispatch\btConvexConcaveCollisionAlgorithm.cpp CollisionDispatch\btConvexConvexAlgorithm.cpp CollisionDispatch\btConvexPlaneCollisionAlgorithm.cpp CollisionDispatch\btDefaultCollisionConfiguration.cpp CollisionDispatch\btEmptyCollisionAlgorithm.cpp CollisionDispatch\btGhostObject.cpp CollisionDispatch\btHashedSimplePairCache.cpp CollisionDispatch\btInternalEdgeUtility.cpp CollisionDispatch\btManifoldResult.cpp CollisionDispatch\btSimulationIslandManager.cpp CollisionDispatch\btSphereBoxCollisionAlgorithm.cpp CollisionDispatch\btSphereSphereCollisionAlgorithm.cpp CollisionDispatch\btSphereTriangleCollisionAlgorithm.cpp CollisionDispatch\btUnionFind.cpp CollisionDispatch\SphereTriangleDetector.cpp CollisionShapes\btBox2dShape.cpp CollisionShapes\btBoxShape.cpp CollisionShapes\btBvhTriangleMeshShape.cpp CollisionShapes\btCapsuleShape.cpp CollisionShapes\btCollisionShape.cpp CollisionShapes\btCompoundShape.cpp CollisionShapes\btConcaveShape.cpp CollisionShapes\btConeShape.cpp CollisionShapes\btConvex2dShape.cpp CollisionShapes\btConvexHullShape.cpp CollisionShapes\btConvexInternalShape.cpp CollisionShapes\btConvexPointCloudShape.cpp CollisionShapes\btConvexPolyhedron.cpp CollisionShapes\btConvexShape.cpp CollisionShapes\btConvexTriangleMeshShape.cpp CollisionShapes\btCylinderShape.cpp CollisionShapes\btEmptyShape.cpp CollisionShapes\btHeightfieldTerrainShape.cpp CollisionShapes\btMinkowskiSumShape.cpp CollisionShapes\btMultimaterialTriangleMeshShape.cpp CollisionShapes\btMultiSphereShape.cpp CollisionShapes\btOptimizedBvh.cpp CollisionShapes\btPolyhedralConvexShape.cpp CollisionShapes\btScaledBvhTriangleMeshShape.cpp CollisionShapes\btShapeHull.cpp CollisionShapes\btSphereShape.cpp CollisionShapes\btStaticPlaneShape.cpp CollisionShapes\btStridingMeshInterface.cpp CollisionShapes\btTetrahedronShape.cpp CollisionShapes\btTriangleBuffer.cpp CollisionShapes\btTriangleCallback.cpp CollisionShapes\btTriangleIndexVertexArray.cpp CollisionShapes\btTriangleIndexVertexMaterialArray.cpp CollisionShapes\btTriangleMesh.cpp CollisionShapes\btTriangleMeshShape.cpp CollisionShapes\btUniformScalingShape.cpp Gimpact\btContactProcessing.cpp Gimpact\btGenericPoolAllocator.cpp Gimpact\btGImpactBvh.cpp Gimpact\btGImpactCollisionAlgorithm.cpp Gimpact\btGImpactQuantizedBvh.cpp Gimpact\btGImpactShape.cpp Gimpact\btTriangleShapeEx.cpp Gimpact\gim_box_set.cpp Gimpact\gim_contact.cpp Gimpact\gim_memory.cpp Gimpact\gim_tri_collision.cpp NarrowPhaseCollision\btContinuousConvexCollision.cpp NarrowPhaseCollision\btConvexCast.cpp NarrowPhaseCollision\btGjkConvexCast.cpp NarrowPhaseCollision\btGjkEpa2.cpp NarrowPhaseCollision\btGjkEpaPenetrationDepthSolver.cpp NarrowPhaseCollision\btGjkPairDetector.cpp NarrowPhaseCollision\btMinkowskiPenetrationDepthSolver.cpp NarrowPhaseCollision\btPersistentManifold.cpp NarrowPhaseCollision\btPolyhedralContactClipping.cpp NarrowPhaseCollision\btRaycastCallback.cpp NarrowPhaseCollision\btSubSimplexConvexCast.cpp NarrowPhaseCollision\btVoronoiSimplexSolver.cpp
         btAxisSweep3.cpp
         btBroadphaseProxy.cpp
         btCollisionAlgorithm.cpp
         btDbvt.cpp
         btDbvtBroadphase.cpp
         btDispatcher.cpp
         btMultiSapBroadphase.cpp
         btOverlappingPairCache.cpp
         btQuantizedBvh.cpp
         btSimpleBroadphase.cpp
         btActivatingCollisionAlgorithm.cpp
         btBox2dBox2dCollisionAlgorithm.cpp
         btBoxBoxCollisionAlgorithm.cpp
         btBoxBoxDetector.cpp
         btCollisionDispatcher.cpp
         btCollisionObject.cpp
         btCollisionWorld.cpp
         btCollisionWorldImporter.cpp
         btCompoundCollisionAlgorithm.cpp
         btCompoundCompoundCollisionAlgorithm.cpp
         コードを生成中...
     1>プロジェクト "D:\_Users\kbc15_000\Desktop\GameChocoBall\bulletPhysics\src\BulletCollision\BulletCollision.vcxproj" (Rebuild ターゲット) のビルドが終了しました -- 失敗。

ビルドに失敗しました。

経過時間 00:00:05.39
